<?xml version="1.0" encoding="UTF-8"?>
<?totaltestVersion 19.1.1.v20180612-1335_7?>
<!--Topaz for Total Test 19.1.1.v20180612-1335_7 Jul 19, 2018 12:42:29 PM-->
<testsuites>
  <testsuite errors="0" failures="0" name="ISPW_CWXTCOB_T1.CWXTDATE_Scenario.00001: CWXTDATECase1" tests="8">
    <testcase classname="ISPW_CWXTCOB_T1.CWXTDATE_Scenario.00001: CWXTDATECase1" name="00001: Check for EOM_SW"/>
    <testcase classname="ISPW_CWXTCOB_T1.CWXTDATE_Scenario.00001: CWXTDATECase1" name="00002: Check for YRS_OF_SERVICE"/>
    <testcase classname="ISPW_CWXTCOB_T1.CWXTDATE_Scenario.00001: CWXTDATECase1" name="00003: Check for RUN_YY"/>
    <testcase classname="ISPW_CWXTCOB_T1.CWXTDATE_Scenario.00001: CWXTDATECase1" name="00004: Check for RUN_MM"/>
    <testcase classname="ISPW_CWXTCOB_T1.CWXTDATE_Scenario.00001: CWXTDATECase1" name="00005: Check for RUN_DD"/>
    <testcase classname="ISPW_CWXTCOB_T1.CWXTDATE_Scenario.00001: CWXTDATECase1" name="00006: Check for HIRE_YY"/>
    <testcase classname="ISPW_CWXTCOB_T1.CWXTDATE_Scenario.00001: CWXTDATECase1" name="00007: Check for HIRE_MM"/>
    <testcase classname="ISPW_CWXTCOB_T1.CWXTDATE_Scenario.00001: CWXTDATECase1" name="00008: Check for HIRE_DD"/>
  </testsuite>
  <testsuite errors="0" failures="0" name="ISPW_CWXTCOB_T1.CWXTDATE_Scenario.00002: CWXTDATECase2" tests="8">
    <testcase classname="ISPW_CWXTCOB_T1.CWXTDATE_Scenario.00002: CWXTDATECase2" name="00001: Check for EOM_SW"/>
    <testcase classname="ISPW_CWXTCOB_T1.CWXTDATE_Scenario.00002: CWXTDATECase2" name="00002: Check for YRS_OF_SERVICE"/>
    <testcase classname="ISPW_CWXTCOB_T1.CWXTDATE_Scenario.00002: CWXTDATECase2" name="00003: Check for RUN_YY"/>
    <testcase classname="ISPW_CWXTCOB_T1.CWXTDATE_Scenario.00002: CWXTDATECase2" name="00004: Check for RUN_MM"/>
    <testcase classname="ISPW_CWXTCOB_T1.CWXTDATE_Scenario.00002: CWXTDATECase2" name="00005: Check for RUN_DD"/>
    <testcase classname="ISPW_CWXTCOB_T1.CWXTDATE_Scenario.00002: CWXTDATECase2" name="00006: Check for HIRE_YY"/>
    <testcase classname="ISPW_CWXTCOB_T1.CWXTDATE_Scenario.00002: CWXTDATECase2" name="00007: Check for HIRE_MM"/>
    <testcase classname="ISPW_CWXTCOB_T1.CWXTDATE_Scenario.00002: CWXTDATECase2" name="00008: Check for HIRE_DD"/>
  </testsuite>
  <testsuite errors="0" failures="0" name="ISPW_CWXTCOB_T1.CWXTDATE_Scenario.00003: CWXTDATECase3" tests="8">
    <testcase classname="ISPW_CWXTCOB_T1.CWXTDATE_Scenario.00003: CWXTDATECase3" name="00001: Check for EOM_SW"/>
    <testcase classname="ISPW_CWXTCOB_T1.CWXTDATE_Scenario.00003: CWXTDATECase3" name="00002: Check for YRS_OF_SERVICE"/>
    <testcase classname="ISPW_CWXTCOB_T1.CWXTDATE_Scenario.00003: CWXTDATECase3" name="00003: Check for RUN_YY"/>
    <testcase classname="ISPW_CWXTCOB_T1.CWXTDATE_Scenario.00003: CWXTDATECase3" name="00004: Check for RUN_MM"/>
    <testcase classname="ISPW_CWXTCOB_T1.CWXTDATE_Scenario.00003: CWXTDATECase3" name="00005: Check for RUN_DD"/>
    <testcase classname="ISPW_CWXTCOB_T1.CWXTDATE_Scenario.00003: CWXTDATECase3" name="00006: Check for HIRE_YY"/>
    <testcase classname="ISPW_CWXTCOB_T1.CWXTDATE_Scenario.00003: CWXTDATECase3" name="00007: Check for HIRE_MM"/>
    <testcase classname="ISPW_CWXTCOB_T1.CWXTDATE_Scenario.00003: CWXTDATECase3" name="00008: Check for HIRE_DD"/>
  </testsuite>
  <testsuite errors="0" failures="0" name="ISPW_CWXTCOB_T1.CWXTDATE_Scenario.00004: CWXTDATECase4" tests="8">
    <testcase classname="ISPW_CWXTCOB_T1.CWXTDATE_Scenario.00004: CWXTDATECase4" name="00001: Check for EOM_SW"/>
    <testcase classname="ISPW_CWXTCOB_T1.CWXTDATE_Scenario.00004: CWXTDATECase4" name="00002: Check for YRS_OF_SERVICE"/>
    <testcase classname="ISPW_CWXTCOB_T1.CWXTDATE_Scenario.00004: CWXTDATECase4" name="00003: Check for RUN_YY"/>
    <testcase classname="ISPW_CWXTCOB_T1.CWXTDATE_Scenario.00004: CWXTDATECase4" name="00004: Check for RUN_MM"/>
    <testcase classname="ISPW_CWXTCOB_T1.CWXTDATE_Scenario.00004: CWXTDATECase4" name="00005: Check for RUN_DD"/>
    <testcase classname="ISPW_CWXTCOB_T1.CWXTDATE_Scenario.00004: CWXTDATECase4" name="00006: Check for HIRE_YY"/>
    <testcase classname="ISPW_CWXTCOB_T1.CWXTDATE_Scenario.00004: CWXTDATECase4" name="00007: Check for HIRE_MM"/>
    <testcase classname="ISPW_CWXTCOB_T1.CWXTDATE_Scenario.00004: CWXTDATECase4" name="00008: Check for HIRE_DD"/>
  </testsuite>
</testsuites>